<?xml version="1.0" encoding="UTF-8"?>
<!-- Generated by org.testng.reporters.JUnitXMLReporter -->
<testsuite ignored="0" hostname="ThanhHau" failures="0" tests="2" name="Test" time="0.051" errors="0" timestamp="2020-10-17T18:01:13 ICT">
  <testcase classname="Test.TestUserSelenium" name="@BeforeClass suitsetup" time="0.011">
    <failure type="java.lang.NoClassDefFoundError" message="org/apache/commons/collections4/ListValuedMap">
      <![CDATA[java.lang.NoClassDefFoundError: org/apache/commons/collections4/ListValuedMap
at Test.TestUserSelenium.suitsetup(TestUserSelenium.java:72)
at java.base/java.util.ArrayList.forEach(ArrayList.java:1511)
Caused by: java.lang.ClassNotFoundException: org.apache.commons.collections4.ListValuedMap
at java.base/jdk.internal.loader.BuiltinClassLoader.loadClass(BuiltinClassLoader.java:602)
at java.base/jdk.internal.loader.ClassLoaders$AppClassLoader.loadClass(ClassLoaders.java:178)
at java.base/java.lang.ClassLoader.loadClass(ClassLoader.java:522)
... 27 more
... Removed 25 stack frames]]>
    </failure>
  </testcase> <!-- @BeforeClass suitsetup -->
  <testcase classname="Test.TestUserSelenium" name="Test" time="0.0">
    <skipped/>
  </testcase> <!-- Test -->
  <testcase classname="Test.TestUserSelenium" name="Test1" time="0.0">
    <skipped/>
  </testcase> <!-- Test1 -->
</testsuite> <!-- Test -->
